<?xml version="1.0" encoding="UTF-8"?>
<testng-results ignored="0" total="1" passed="1" failed="0" skipped="0">
  <reporter-output>
  </reporter-output>
  <suite started-at="2020-12-22T22:45:48 EST" name="Suite" finished-at="2020-12-22T22:46:00 EST" duration-ms="11587">
    <groups>
    </groups>
    <test started-at="2020-12-22T22:45:48 EST" name="Test" finished-at="2020-12-22T22:46:00 EST" duration-ms="11587">
      <class name="pack2.Iterat2">
        <test-method is-config="true" signature="Setup()[pri:0, instance:pack2.Iterat2@3578436e]" started-at="2020-12-22T22:45:48 EST" name="Setup" finished-at="2020-12-22T22:45:59 EST" duration-ms="10591" status="PASS">
          <reporter-output>
          </reporter-output>
        </test-method> <!-- Setup -->
        <test-method signature="OpenSignInPage()[pri:0, instance:pack2.Iterat2@3578436e]" started-at="2020-12-22T22:45:59 EST" name="OpenSignInPage" finished-at="2020-12-22T22:46:00 EST" duration-ms="981" status="PASS">
          <reporter-output>
          </reporter-output>
        </test-method> <!-- OpenSignInPage -->
      </class> <!-- pack2.Iterat2 -->
    </test> <!-- Test -->
  </suite> <!-- Suite -->
</testng-results>
